2022-06-20 22:20:02.647  INFO 22724 --- [restartedMain] i.f.s.StudentServicesApplication         : Starting StudentServicesApplication on VIKAS with PID 22724 (C:\Users\vikas\Documents\Java\STSWorkspace\ContainerApps\student-services\target\classes started by vikas in C:\Users\vikas\Documents\Java\STSWorkspace\ContainerApps\student-services)
2022-06-20 22:20:02.665  INFO 22724 --- [restartedMain] i.f.s.StudentServicesApplication         : No active profile set, falling back to default profiles: default
2022-06-20 22:20:03.126  INFO 22724 --- [restartedMain] .e.DevToolsPropertyDefaultsPostProcessor : Devtools property defaults active! Set 'spring.devtools.add-properties' to 'false' to disable
2022-06-20 22:20:03.128  INFO 22724 --- [restartedMain] .e.DevToolsPropertyDefaultsPostProcessor : For additional web related logging consider setting the 'logging.level.web' property to 'DEBUG'
2022-06-20 22:20:12.601  INFO 22724 --- [restartedMain] o.s.b.w.embedded.tomcat.TomcatWebServer  : Tomcat initialized with port(s): 25000 (http)
2022-06-20 22:20:12.665  INFO 22724 --- [restartedMain] o.apache.catalina.core.StandardService   : Starting service [Tomcat]
2022-06-20 22:20:12.666  INFO 22724 --- [restartedMain] org.apache.catalina.core.StandardEngine  : Starting Servlet engine: [Apache Tomcat/9.0.38]
2022-06-20 22:20:13.207  INFO 22724 --- [restartedMain] o.a.c.c.C.[Tomcat].[localhost].[/]       : Initializing Spring embedded WebApplicationContext
2022-06-20 22:20:13.213  INFO 22724 --- [restartedMain] w.s.c.ServletWebServerApplicationContext : Root WebApplicationContext: initialization completed in 10084 ms
2022-06-20 22:20:15.309  INFO 22724 --- [restartedMain] o.s.s.concurrent.ThreadPoolTaskExecutor  : Initializing ExecutorService 'applicationTaskExecutor'
2022-06-20 22:20:17.163  INFO 22724 --- [restartedMain] o.s.b.d.a.OptionalLiveReloadServer       : LiveReload server is running on port 35729
2022-06-20 22:20:17.190  INFO 22724 --- [restartedMain] o.s.b.a.e.web.EndpointLinksResolver      : Exposing 2 endpoint(s) beneath base path '/actuator'
2022-06-20 22:20:17.643  INFO 22724 --- [restartedMain] o.s.b.w.embedded.tomcat.TomcatWebServer  : Tomcat started on port(s): 25000 (http) with context path ''
2022-06-20 22:20:17.727  INFO 22724 --- [restartedMain] i.f.s.StudentServicesApplication         : Started StudentServicesApplication in 18.4 seconds (JVM running for 24.708)
2022-06-20 22:20:21.729  INFO 22724 --- [RMI TCP Connection(3)-127.0.0.1] o.a.c.c.C.[Tomcat].[localhost].[/]       : Initializing Spring DispatcherServlet 'dispatcherServlet'
2022-06-20 22:20:21.731  INFO 22724 --- [RMI TCP Connection(3)-127.0.0.1] o.s.web.servlet.DispatcherServlet        : Initializing Servlet 'dispatcherServlet'
2022-06-20 22:20:21.755  INFO 22724 --- [RMI TCP Connection(3)-127.0.0.1] o.s.web.servlet.DispatcherServlet        : Completed initialization in 23 ms
2022-06-20 22:21:37.756  INFO 22724 --- [Thread-5] o.s.s.concurrent.ThreadPoolTaskExecutor  : Shutting down ExecutorService 'applicationTaskExecutor'
2022-06-20 22:21:38.065  INFO 22724 --- [restartedMain] i.f.s.StudentServicesApplication         : Starting StudentServicesApplication on VIKAS with PID 22724 (C:\Users\vikas\Documents\Java\STSWorkspace\ContainerApps\student-services\target\classes started by vikas in C:\Users\vikas\Documents\Java\STSWorkspace\ContainerApps\student-services)
2022-06-20 22:21:38.066  INFO 22724 --- [restartedMain] i.f.s.StudentServicesApplication         : No active profile set, falling back to default profiles: default
2022-06-20 22:21:39.569  INFO 22724 --- [restartedMain] o.s.b.w.embedded.tomcat.TomcatWebServer  : Tomcat initialized with port(s): 25000 (http)
2022-06-20 22:21:39.575  INFO 22724 --- [restartedMain] o.apache.catalina.core.StandardService   : Starting service [Tomcat]
2022-06-20 22:21:39.576  INFO 22724 --- [restartedMain] org.apache.catalina.core.StandardEngine  : Starting Servlet engine: [Apache Tomcat/9.0.38]
2022-06-20 22:21:39.639  INFO 22724 --- [restartedMain] o.a.c.c.C.[Tomcat].[localhost].[/]       : Initializing Spring embedded WebApplicationContext
2022-06-20 22:21:39.639  INFO 22724 --- [restartedMain] w.s.c.ServletWebServerApplicationContext : Root WebApplicationContext: initialization completed in 1562 ms
2022-06-20 22:21:39.853  INFO 22724 --- [restartedMain] o.s.s.concurrent.ThreadPoolTaskExecutor  : Initializing ExecutorService 'applicationTaskExecutor'
2022-06-20 22:21:40.202  INFO 22724 --- [restartedMain] o.s.b.d.a.OptionalLiveReloadServer       : LiveReload server is running on port 35729
2022-06-20 22:21:40.214  INFO 22724 --- [restartedMain] o.s.b.a.e.web.EndpointLinksResolver      : Exposing 2 endpoint(s) beneath base path '/actuator'
2022-06-20 22:21:40.298  INFO 22724 --- [restartedMain] o.s.b.w.embedded.tomcat.TomcatWebServer  : Tomcat started on port(s): 25000 (http) with context path ''
2022-06-20 22:21:40.350  INFO 22724 --- [restartedMain] i.f.s.StudentServicesApplication         : Started StudentServicesApplication in 2.459 seconds (JVM running for 107.332)
2022-06-20 22:21:40.358  INFO 22724 --- [restartedMain] .ConditionEvaluationDeltaLoggingListener : Condition evaluation unchanged
2022-06-20 22:21:44.982  INFO 22724 --- [Thread-8] o.s.s.concurrent.ThreadPoolTaskExecutor  : Shutting down ExecutorService 'applicationTaskExecutor'
2022-06-20 22:21:45.259  INFO 22724 --- [restartedMain] i.f.s.StudentServicesApplication         : Starting StudentServicesApplication on VIKAS with PID 22724 (C:\Users\vikas\Documents\Java\STSWorkspace\ContainerApps\student-services\target\classes started by vikas in C:\Users\vikas\Documents\Java\STSWorkspace\ContainerApps\student-services)
2022-06-20 22:21:45.260  INFO 22724 --- [restartedMain] i.f.s.StudentServicesApplication         : No active profile set, falling back to default profiles: default
2022-06-20 22:21:46.837  INFO 22724 --- [restartedMain] o.s.b.w.embedded.tomcat.TomcatWebServer  : Tomcat initialized with port(s): 25000 (http)
2022-06-20 22:21:46.840  INFO 22724 --- [restartedMain] o.apache.catalina.core.StandardService   : Starting service [Tomcat]
2022-06-20 22:21:46.842  INFO 22724 --- [restartedMain] org.apache.catalina.core.StandardEngine  : Starting Servlet engine: [Apache Tomcat/9.0.38]
2022-06-20 22:21:46.911  INFO 22724 --- [restartedMain] o.a.c.c.C.[Tomcat].[localhost].[/]       : Initializing Spring embedded WebApplicationContext
2022-06-20 22:21:46.912  INFO 22724 --- [restartedMain] w.s.c.ServletWebServerApplicationContext : Root WebApplicationContext: initialization completed in 1641 ms
2022-06-20 22:21:47.222  INFO 22724 --- [restartedMain] o.s.s.concurrent.ThreadPoolTaskExecutor  : Initializing ExecutorService 'applicationTaskExecutor'
2022-06-20 22:21:47.458  INFO 22724 --- [restartedMain] o.s.b.d.a.OptionalLiveReloadServer       : LiveReload server is running on port 35729
2022-06-20 22:21:47.470  INFO 22724 --- [restartedMain] o.s.b.a.e.web.EndpointLinksResolver      : Exposing 2 endpoint(s) beneath base path '/actuator'
2022-06-20 22:21:47.498  INFO 22724 --- [restartedMain] o.s.b.w.embedded.tomcat.TomcatWebServer  : Tomcat started on port(s): 25000 (http) with context path ''
2022-06-20 22:21:47.535  INFO 22724 --- [restartedMain] i.f.s.StudentServicesApplication         : Started StudentServicesApplication in 2.432 seconds (JVM running for 114.517)
2022-06-20 22:21:47.539  INFO 22724 --- [restartedMain] .ConditionEvaluationDeltaLoggingListener : Condition evaluation unchanged
2022-06-20 22:21:50.019  INFO 22724 --- [Thread-13] o.s.s.concurrent.ThreadPoolTaskExecutor  : Shutting down ExecutorService 'applicationTaskExecutor'
2022-06-20 22:21:50.110  INFO 22724 --- [restartedMain] i.f.s.StudentServicesApplication         : Starting StudentServicesApplication on VIKAS with PID 22724 (C:\Users\vikas\Documents\Java\STSWorkspace\ContainerApps\student-services\target\classes started by vikas in C:\Users\vikas\Documents\Java\STSWorkspace\ContainerApps\student-services)
2022-06-20 22:21:50.110  INFO 22724 --- [restartedMain] i.f.s.StudentServicesApplication         : No active profile set, falling back to default profiles: default
2022-06-20 22:21:50.549  INFO 22724 --- [restartedMain] o.s.b.w.embedded.tomcat.TomcatWebServer  : Tomcat initialized with port(s): 25000 (http)
2022-06-20 22:21:50.551  INFO 22724 --- [restartedMain] o.apache.catalina.core.StandardService   : Starting service [Tomcat]
2022-06-20 22:21:50.552  INFO 22724 --- [restartedMain] org.apache.catalina.core.StandardEngine  : Starting Servlet engine: [Apache Tomcat/9.0.38]
2022-06-20 22:21:50.590  INFO 22724 --- [restartedMain] o.a.c.c.C.[Tomcat].[localhost].[/]       : Initializing Spring embedded WebApplicationContext
2022-06-20 22:21:50.591  INFO 22724 --- [restartedMain] w.s.c.ServletWebServerApplicationContext : Root WebApplicationContext: initialization completed in 477 ms
2022-06-20 22:21:50.762  INFO 22724 --- [restartedMain] o.s.s.concurrent.ThreadPoolTaskExecutor  : Initializing ExecutorService 'applicationTaskExecutor'
2022-06-20 22:21:50.913  INFO 22724 --- [restartedMain] o.s.b.d.a.OptionalLiveReloadServer       : LiveReload server is running on port 35729
2022-06-20 22:21:50.923  INFO 22724 --- [restartedMain] o.s.b.a.e.web.EndpointLinksResolver      : Exposing 2 endpoint(s) beneath base path '/actuator'
2022-06-20 22:21:50.947  INFO 22724 --- [restartedMain] o.s.b.w.embedded.tomcat.TomcatWebServer  : Tomcat started on port(s): 25000 (http) with context path ''
2022-06-20 22:21:50.986  INFO 22724 --- [restartedMain] i.f.s.StudentServicesApplication         : Started StudentServicesApplication in 0.914 seconds (JVM running for 117.968)
2022-06-20 22:21:50.991  INFO 22724 --- [restartedMain] .ConditionEvaluationDeltaLoggingListener : Condition evaluation unchanged
2022-06-20 22:21:59.379  INFO 22724 --- [http-nio-25000-exec-1] o.a.c.c.C.[Tomcat].[localhost].[/]       : Initializing Spring DispatcherServlet 'dispatcherServlet'
2022-06-20 22:21:59.379  INFO 22724 --- [http-nio-25000-exec-1] o.s.web.servlet.DispatcherServlet        : Initializing Servlet 'dispatcherServlet'
2022-06-20 22:21:59.383  INFO 22724 --- [http-nio-25000-exec-1] o.s.web.servlet.DispatcherServlet        : Completed initialization in 4 ms
2022-06-20 22:22:58.992  INFO 22724 --- [Thread-18] o.s.s.concurrent.ThreadPoolTaskExecutor  : Shutting down ExecutorService 'applicationTaskExecutor'
2022-06-20 22:23:19.895  INFO 22724 --- [restartedMain] i.f.s.StudentServicesApplication         : Starting StudentServicesApplication on VIKAS with PID 22724 (C:\Users\vikas\Documents\Java\STSWorkspace\ContainerApps\student-services\target\classes started by vikas in C:\Users\vikas\Documents\Java\STSWorkspace\ContainerApps\student-services)
2022-06-20 22:23:19.895  INFO 22724 --- [restartedMain] i.f.s.StudentServicesApplication         : No active profile set, falling back to default profiles: default
2022-06-20 22:23:21.102  INFO 22724 --- [restartedMain] o.s.b.w.embedded.tomcat.TomcatWebServer  : Tomcat initialized with port(s): 25000 (http)
2022-06-20 22:23:21.107  INFO 22724 --- [restartedMain] o.apache.catalina.core.StandardService   : Starting service [Tomcat]
2022-06-20 22:23:21.109  INFO 22724 --- [restartedMain] org.apache.catalina.core.StandardEngine  : Starting Servlet engine: [Apache Tomcat/9.0.38]
2022-06-20 22:23:21.240  INFO 22724 --- [restartedMain] o.a.c.c.C.[Tomcat].[localhost].[/]       : Initializing Spring embedded WebApplicationContext
2022-06-20 22:23:21.242  INFO 22724 --- [restartedMain] w.s.c.ServletWebServerApplicationContext : Root WebApplicationContext: initialization completed in 1342 ms
2022-06-20 22:23:21.515  INFO 22724 --- [restartedMain] o.s.s.concurrent.ThreadPoolTaskExecutor  : Initializing ExecutorService 'applicationTaskExecutor'
2022-06-20 22:23:21.768  INFO 22724 --- [restartedMain] o.s.b.d.a.OptionalLiveReloadServer       : LiveReload server is running on port 35729
2022-06-20 22:23:21.777  INFO 22724 --- [restartedMain] o.s.b.a.e.web.EndpointLinksResolver      : Exposing 2 endpoint(s) beneath base path '/actuator'
2022-06-20 22:23:21.845  INFO 22724 --- [restartedMain] o.s.b.w.embedded.tomcat.TomcatWebServer  : Tomcat started on port(s): 25000 (http) with context path ''
2022-06-20 22:23:21.888  INFO 22724 --- [restartedMain] i.f.s.StudentServicesApplication         : Started StudentServicesApplication in 2.501 seconds (JVM running for 208.871)
2022-06-20 22:23:21.897  INFO 22724 --- [restartedMain] .ConditionEvaluationDeltaLoggingListener : Condition evaluation delta:


==========================
CONDITION EVALUATION DELTA
==========================


Positive matches:
-----------------

   LogFileWebEndpointAutoConfiguration#logFileWebEndpoint matched:
      - Log File found logging.file.name spring-boot-elk.log (LogFileWebEndpointAutoConfiguration.LogFileCondition)
      - @ConditionalOnMissingBean (types: org.springframework.boot.actuate.logging.LogFileWebEndpoint; SearchStrategy: all) did not find any beans (OnBeanCondition)


Negative matches:
-----------------

    None


Exclusions:
-----------

    None


Unconditional classes:
----------------------

    None



2022-06-20 22:25:27.245  INFO 22724 --- [RMI TCP Connection(22)-127.0.0.1] inMXBeanRegistrar$SpringApplicationAdmin : Application shutdown requested.
2022-06-20 22:25:27.336  INFO 22724 --- [RMI TCP Connection(22)-127.0.0.1] o.s.s.concurrent.ThreadPoolTaskExecutor  : Shutting down ExecutorService 'applicationTaskExecutor'
